Split the image...
Picture Size:	{Width=473, Height=500}
Picture View Size:	{Width=320, Height=338.2664}
Scroll Offset:	{X=0, Y=0}
ZoomScale:	1
Calculated ZoomScale:	0.6765327
Actuall ZoomScale:	0.6765327
Split the image...
Picture Size:	{Width=266, Height=189}
Picture View Size:	{Width=320, Height=227.3684}
Scroll Offset:	{X=0, Y=0}
ZoomScale:	1
Calculated ZoomScale:	1.203007
Actuall ZoomScale:	1.203007
Split the image...
Picture Size:	{Width=266, Height=189}
Picture View Size:	{Width=733.2781, Height=521.0134}
Scroll Offset:	{X=207, Y=284}
ZoomScale:	2.291494
Calculated ZoomScale:	1.203007
Actuall ZoomScale:	2.756685
Split the image...
Picture Size:	{Width=266, Height=189}
Picture View Size:	{Width=187.081, Height=132.926}
Scroll Offset:	{X=-66, Y=-91}
ZoomScale:	0.5846282
Calculated ZoomScale:	1.203007
Actuall ZoomScale:	0.703312
